<?xml version="1.0" encoding="UTF-8"?>
<testng-results total="2" passed="2" failed="0" skipped="0">
  <reporter-output>
  </reporter-output>
  <suite started-at="2021-07-02T06:41:53Z" name="Suite" finished-at="2021-07-02T06:42:49Z" duration-ms="55926">
    <groups>
      <group name="cucumber">
        <method signature="AbstractTestNGCucumberTests.feature(cucumber.api.testng.CucumberFeatureWrapper)[pri:0, instance:runner.Runner@5b94b04d]" name="feature" class="cucumber.api.testng.AbstractTestNGCucumberTests"/>
      </group> <!-- cucumber -->
    </groups>
    <test started-at="2021-07-02T06:41:53Z" name="Test" finished-at="2021-07-02T06:42:49Z" duration-ms="55926">
      <class name="runner.Runner">
        <test-method is-config="true" signature="setUpClass()[pri:0, instance:runner.Runner@5b94b04d]" started-at="2021-07-02T12:11:53Z" name="setUpClass" finished-at="2021-07-02T12:11:54Z" duration-ms="649" status="PASS">
          <reporter-output>
          </reporter-output>
        </test-method> <!-- setUpClass -->
        <test-method signature="feature(cucumber.api.testng.CucumberFeatureWrapper)[pri:0, instance:runner.Runner@5b94b04d]" started-at="2021-07-02T12:11:54Z" name="feature" description="Runs Cucumber Feature" data-provider="features" finished-at="2021-07-02T12:12:49Z" duration-ms="54768" status="PASS">
          <params>
            <param index="0">
              <value>
                <![CDATA[Login to the omayo application]]>
              </value>
            </param>
          </params>
          <reporter-output>
          </reporter-output>
        </test-method> <!-- feature -->
        <test-method signature="feature(cucumber.api.testng.CucumberFeatureWrapper)[pri:0, instance:runner.Runner@5b94b04d]" started-at="2021-07-02T12:12:49Z" name="feature" description="Runs Cucumber Feature" data-provider="features" finished-at="2021-07-02T12:12:49Z" duration-ms="33" status="PASS">
          <params>
            <param index="0">
              <value>
                <![CDATA[Searching of various categories should be possible along with product search]]>
              </value>
            </param>
          </params>
          <reporter-output>
          </reporter-output>
        </test-method> <!-- feature -->
        <test-method is-config="true" signature="tearDownClass()[pri:0, instance:runner.Runner@5b94b04d]" started-at="2021-07-02T12:12:49Z" name="tearDownClass" finished-at="2021-07-02T12:12:49Z" duration-ms="103" status="PASS">
          <reporter-output>
          </reporter-output>
        </test-method> <!-- tearDownClass -->
      </class> <!-- runner.Runner -->
    </test> <!-- Test -->
  </suite> <!-- Suite -->
</testng-results>
