<?xml version="1.0" encoding="UTF-8"?>
<testng-results total="2" passed="2" failed="0" skipped="0">
  <reporter-output>
  </reporter-output>
  <suite started-at="2021-07-01T16:45:18Z" name="Suite" finished-at="2021-07-01T16:46:39Z" duration-ms="80691">
    <groups>
      <group name="cucumber">
        <method signature="AbstractTestNGCucumberTests.feature(cucumber.api.testng.CucumberFeatureWrapper)[pri:0, instance:runner.Runner@45b4c3a9]" name="feature" class="cucumber.api.testng.AbstractTestNGCucumberTests"/>
      </group> <!-- cucumber -->
    </groups>
    <test started-at="2021-07-01T16:45:18Z" name="Test" finished-at="2021-07-01T16:46:39Z" duration-ms="80691">
      <class name="runner.Runner">
        <test-method is-config="true" signature="setUpClass()[pri:0, instance:runner.Runner@45b4c3a9]" started-at="2021-07-01T22:15:18Z" name="setUpClass" finished-at="2021-07-01T22:15:19Z" duration-ms="610" status="PASS">
          <reporter-output>
          </reporter-output>
        </test-method> <!-- setUpClass -->
        <test-method signature="feature(cucumber.api.testng.CucumberFeatureWrapper)[pri:0, instance:runner.Runner@45b4c3a9]" started-at="2021-07-01T22:15:19Z" name="feature" description="Runs Cucumber Feature" data-provider="features" finished-at="2021-07-01T22:16:39Z" duration-ms="79450" status="PASS">
          <params>
            <param index="0">
              <value>
                <![CDATA[Login to the omayo application]]>
              </value>
            </param>
          </params>
          <reporter-output>
          </reporter-output>
        </test-method> <!-- feature -->
        <test-method signature="feature(cucumber.api.testng.CucumberFeatureWrapper)[pri:0, instance:runner.Runner@45b4c3a9]" started-at="2021-07-01T22:16:39Z" name="feature" description="Runs Cucumber Feature" data-provider="features" finished-at="2021-07-01T22:16:39Z" duration-ms="23" status="PASS">
          <params>
            <param index="0">
              <value>
                <![CDATA[Searching of various categories should be possible along with product search]]>
              </value>
            </param>
          </params>
          <reporter-output>
          </reporter-output>
        </test-method> <!-- feature -->
        <test-method is-config="true" signature="tearDownClass()[pri:0, instance:runner.Runner@45b4c3a9]" started-at="2021-07-01T22:16:39Z" name="tearDownClass" finished-at="2021-07-01T22:16:39Z" duration-ms="378" status="PASS">
          <reporter-output>
          </reporter-output>
        </test-method> <!-- tearDownClass -->
      </class> <!-- runner.Runner -->
    </test> <!-- Test -->
  </suite> <!-- Suite -->
</testng-results>
